E:\MFC\FaceDetect\Debug\FaceDetect.exe
E:\MFC\FaceDetect\FaceDetect\Debug\cl.command.1.tlog
E:\MFC\FaceDetect\FaceDetect\Debug\CL.read.1.tlog
E:\MFC\FaceDetect\FaceDetect\Debug\CL.write.1.tlog
E:\MFC\FaceDetect\FaceDetect\Debug\FaceDetect.exe.embed.manifest
E:\MFC\FACEDETECT\FACEDETECT\DEBUG\FACEDETECT.EXE.EMBED.MANIFEST.RES
E:\MFC\FACEDETECT\FACEDETECT\DEBUG\FACEDETECT.OBJ
E:\MFC\FACEDETECT\FACEDETECT\DEBUG\FACEDETECT.PCH
E:\MFC\FACEDETECT\FACEDETECT\DEBUG\FACEDETECT.RES
E:\MFC\FaceDetect\FaceDetect\Debug\FaceDetect_manifest.rc
E:\MFC\FACEDETECT\FACEDETECT\DEBUG\FACEDETECTDLG.OBJ
E:\MFC\FaceDetect\FaceDetect\Debug\link.command.1.tlog
E:\MFC\FaceDetect\FaceDetect\Debug\link.read.1.tlog
E:\MFC\FaceDetect\FaceDetect\Debug\link.write.1.tlog
E:\MFC\FaceDetect\FaceDetect\Debug\rc.command.1.tlog
E:\MFC\FaceDetect\FaceDetect\Debug\rc.read.1.tlog
E:\MFC\FaceDetect\FaceDetect\Debug\rc.write.1.tlog
E:\MFC\FACEDETECT\FACEDETECT\DEBUG\STDAFX.OBJ
E:\MFC\FaceDetect\FaceDetect\Debug\vc100.idb
E:\MFC\FACEDETECT\FACEDETECT\DEBUG\VC100.PDB
